20:03:06.048 [main] INFO  testCases.TC001_RegisterUser - Starting Test Case...
20:03:06.051 [main] INFO  testCases.TC001_RegisterUser - Validating logo webPage...
20:03:06.088 [main] INFO  testCases.TC001_RegisterUser - Validating title web page
20:03:06.099 [main] INFO  testCases.TC001_RegisterUser - Clicking on SignUp Option
20:03:08.932 [main] INFO  testCases.TC001_RegisterUser - Filling first data to regist user...
20:03:11.175 [main] INFO  testCases.TC001_RegisterUser - Page ready to register new User
20:03:11.175 [main] INFO  testCases.TC001_RegisterUser - Test case has finished....
20:40:21.091 [main] INFO  testCases.TC001_RegisterUser - Starting Test Case...
20:40:21.093 [main] INFO  testCases.TC001_RegisterUser - Validating logo webPage...
20:40:21.127 [main] INFO  testCases.TC001_RegisterUser - Validating title web page
20:40:21.140 [main] INFO  testCases.TC001_RegisterUser - Clicking on SignUp Option
20:40:24.842 [main] INFO  testCases.TC001_RegisterUser - validating forms are available....
20:40:24.875 [main] INFO  testCases.TC001_RegisterUser - Filling first data to regist user...
20:47:27.468 [main] INFO  testCases.TC001_RegisterUser - Starting Test Case...
20:47:27.470 [main] INFO  testCases.TC001_RegisterUser - Validating logo webPage...
20:47:27.498 [main] INFO  testCases.TC001_RegisterUser - Validating title web page
20:47:27.508 [main] INFO  testCases.TC001_RegisterUser - Clicking on SignUp Option
20:47:31.350 [main] INFO  testCases.TC001_RegisterUser - validating forms are available....
20:47:31.383 [main] INFO  testCases.TC001_RegisterUser - Filling first data to regist user...
20:47:32.927 [main] INFO  testCases.TC001_RegisterUser - Page ready to register new User
20:47:32.928 [main] INFO  testCases.TC001_RegisterUser - Test case has finished....
20:50:36.902 [main] INFO  testCases.TC001_RegisterUser - Starting Test Case...
20:50:36.904 [main] INFO  testCases.TC001_RegisterUser - Validating logo webPage...
20:50:36.935 [main] INFO  testCases.TC001_RegisterUser - Validating title web page
20:50:36.944 [main] INFO  testCases.TC001_RegisterUser - Clicking on SignUp Option
20:50:39.466 [main] INFO  testCases.TC001_RegisterUser - validating forms are available....
20:50:39.495 [main] INFO  testCases.TC001_RegisterUser - Filling first data to regist user...
20:50:41.370 [main] INFO  testCases.TC001_RegisterUser - Page ready to register new User
20:50:41.370 [main] INFO  testCases.TC001_RegisterUser - Test case has finished....
14:35:19.097 [TestNG-tests-2] INFO  testCases.TC001_RegisterUser - Starting Test Case...
14:35:19.099 [TestNG-tests-2] INFO  testCases.TC001_RegisterUser - Validating logo webPage...
14:35:19.124 [TestNG-tests-1] INFO  testCases.TC001_RegisterUser - Starting Test Case...
14:35:19.125 [TestNG-tests-1] INFO  testCases.TC001_RegisterUser - Validating logo webPage...
14:35:19.174 [TestNG-tests-2] INFO  testCases.TC001_RegisterUser - Validating title web page
14:35:19.178 [TestNG-tests-1] INFO  testCases.TC001_RegisterUser - Validating title web page
14:35:19.191 [TestNG-tests-1] INFO  testCases.TC001_RegisterUser - Clicking on SignUp Option
14:35:19.191 [TestNG-tests-2] INFO  testCases.TC001_RegisterUser - Clicking on SignUp Option
14:35:22.188 [TestNG-tests-2] INFO  testCases.TC001_RegisterUser - validating forms are available....
14:35:22.204 [TestNG-tests-1] INFO  testCases.TC001_RegisterUser - validating forms are available....
14:35:22.218 [TestNG-tests-2] INFO  testCases.TC001_RegisterUser - Filling first data to regist user...
14:35:22.233 [TestNG-tests-1] INFO  testCases.TC001_RegisterUser - Filling first data to regist user...
14:35:23.274 [TestNG-tests-1] INFO  testCases.TC001_RegisterUser - Page ready to register new User
14:35:23.274 [TestNG-tests-1] INFO  testCases.TC001_RegisterUser - Test case has finished....
14:35:23.299 [TestNG-tests-2] INFO  testCases.TC001_RegisterUser - Page ready to register new User
14:35:23.299 [TestNG-tests-2] INFO  testCases.TC001_RegisterUser - Test case has finished....
14:35:48.209 [TestNG-tests-1] INFO  testCases.TC001_RegisterUser - Starting Test Case...
14:35:48.211 [TestNG-tests-1] INFO  testCases.TC001_RegisterUser - Validating logo webPage...
14:35:48.237 [TestNG-tests-1] INFO  testCases.TC001_RegisterUser - Validating title web page
14:35:48.246 [TestNG-tests-1] INFO  testCases.TC001_RegisterUser - Clicking on SignUp Option
14:35:49.756 [TestNG-tests-2] INFO  testCases.TC001_RegisterUser - Starting Test Case...
14:35:49.757 [TestNG-tests-2] INFO  testCases.TC001_RegisterUser - Validating logo webPage...
14:35:49.782 [TestNG-tests-2] INFO  testCases.TC001_RegisterUser - Validating title web page
14:35:49.788 [TestNG-tests-2] INFO  testCases.TC001_RegisterUser - Clicking on SignUp Option
14:35:50.998 [TestNG-tests-1] INFO  testCases.TC001_RegisterUser - validating forms are available....
14:35:51.031 [TestNG-tests-1] INFO  testCases.TC001_RegisterUser - Filling first data to regist user...
14:35:52.053 [TestNG-tests-1] INFO  testCases.TC001_RegisterUser - Page ready to register new User
14:35:52.053 [TestNG-tests-1] INFO  testCases.TC001_RegisterUser - Test case has finished....
14:35:52.567 [TestNG-tests-2] INFO  testCases.TC001_RegisterUser - validating forms are available....
14:35:52.595 [TestNG-tests-2] INFO  testCases.TC001_RegisterUser - Filling first data to regist user...
14:35:53.322 [TestNG-tests-2] INFO  testCases.TC001_RegisterUser - Page ready to register new User
14:35:53.323 [TestNG-tests-2] INFO  testCases.TC001_RegisterUser - Test case has finished....
14:36:38.723 [TestNG-tests-1] INFO  testCases.TC001_RegisterUser - Starting Test Case...
14:36:38.725 [TestNG-tests-1] INFO  testCases.TC001_RegisterUser - Validating logo webPage...
14:36:38.753 [TestNG-tests-1] INFO  testCases.TC001_RegisterUser - Validating title web page
14:36:40.217 [TestNG-tests-2] INFO  testCases.TC001_RegisterUser - Starting Test Case...
14:36:40.217 [TestNG-tests-2] INFO  testCases.TC001_RegisterUser - Validating logo webPage...
14:36:40.239 [TestNG-tests-2] INFO  testCases.TC001_RegisterUser - Validating title web page
14:38:40.224 [TestNG-tests-1] INFO  testCases.TC001_RegisterUser - Starting Test Case...
14:38:40.226 [TestNG-tests-1] INFO  testCases.TC001_RegisterUser - Validating logo webPage...
14:38:40.253 [TestNG-tests-1] INFO  testCases.TC001_RegisterUser - Validating title web page
14:38:40.262 [TestNG-tests-1] INFO  testCases.TC001_RegisterUser - Clicking on SignUp Option
14:38:41.808 [TestNG-tests-2] INFO  testCases.TC001_RegisterUser - Starting Test Case...
14:38:41.809 [TestNG-tests-2] INFO  testCases.TC001_RegisterUser - Validating logo webPage...
14:38:41.829 [TestNG-tests-2] INFO  testCases.TC001_RegisterUser - Validating title web page
14:38:41.835 [TestNG-tests-2] INFO  testCases.TC001_RegisterUser - Clicking on SignUp Option
14:38:43.035 [TestNG-tests-1] INFO  testCases.TC001_RegisterUser - validating forms are available....
14:38:43.079 [TestNG-tests-1] INFO  testCases.TC001_RegisterUser - Filling first data to regist user...
14:38:44.190 [TestNG-tests-1] INFO  testCases.TC001_RegisterUser - Page ready to register new User
14:38:44.190 [TestNG-tests-1] INFO  testCases.TC001_RegisterUser - Test case has finished....
14:38:50.826 [TestNG-tests-2] ERROR testCases.TC001_RegisterUser - Test Failed
14:39:50.995 [TestNG-tests-1] INFO  testCases.TC001_RegisterUser - Starting Test Case...
14:39:50.997 [TestNG-tests-1] INFO  testCases.TC001_RegisterUser - Validating logo webPage...
14:39:51.024 [TestNG-tests-1] INFO  testCases.TC001_RegisterUser - Validating title web page
14:39:51.036 [TestNG-tests-1] INFO  testCases.TC001_RegisterUser - Clicking on SignUp Option
14:39:52.538 [TestNG-tests-2] INFO  testCases.TC001_RegisterUser - Starting Test Case...
14:39:52.538 [TestNG-tests-2] INFO  testCases.TC001_RegisterUser - Validating logo webPage...
14:39:52.566 [TestNG-tests-2] INFO  testCases.TC001_RegisterUser - Validating title web page
14:39:52.571 [TestNG-tests-2] INFO  testCases.TC001_RegisterUser - Clicking on SignUp Option
14:39:53.983 [TestNG-tests-1] INFO  testCases.TC001_RegisterUser - validating forms are available....
14:39:54.014 [TestNG-tests-1] INFO  testCases.TC001_RegisterUser - Filling first data to regist user...
14:39:55.130 [TestNG-tests-1] INFO  testCases.TC001_RegisterUser - Page ready to register new User
14:39:55.130 [TestNG-tests-1] INFO  testCases.TC001_RegisterUser - Test case has finished....
14:39:55.548 [TestNG-tests-2] INFO  testCases.TC001_RegisterUser - validating forms are available....
14:39:55.580 [TestNG-tests-2] INFO  testCases.TC001_RegisterUser - Filling first data to regist user...
14:39:56.554 [TestNG-tests-2] INFO  testCases.TC001_RegisterUser - Page ready to register new User
14:39:56.555 [TestNG-tests-2] INFO  testCases.TC001_RegisterUser - Test case has finished....
14:51:21.096 [TestNG-tests-1] INFO  testCases.TC001_RegisterUser - Starting Test Case...
14:51:21.098 [TestNG-tests-1] INFO  testCases.TC001_RegisterUser - Validating logo webPage...
14:51:21.130 [TestNG-tests-1] INFO  testCases.TC001_RegisterUser - Validating title web page
14:51:21.142 [TestNG-tests-1] INFO  testCases.TC001_RegisterUser - Clicking on SignUp Option
14:51:21.901 [TestNG-tests-2] INFO  testCases.TC001_RegisterUser - Starting Test Case...
14:51:21.901 [TestNG-tests-2] INFO  testCases.TC001_RegisterUser - Validating logo webPage...
14:51:21.929 [TestNG-tests-2] INFO  testCases.TC001_RegisterUser - Validating title web page
14:51:21.935 [TestNG-tests-2] INFO  testCases.TC001_RegisterUser - Clicking on SignUp Option
14:51:23.937 [TestNG-tests-1] INFO  testCases.TC001_RegisterUser - validating forms are available....
14:51:23.966 [TestNG-tests-1] INFO  testCases.TC001_RegisterUser - Filling first data to regist user...
14:51:24.897 [TestNG-tests-1] INFO  testCases.TC001_RegisterUser - Page ready to register new User
14:51:24.898 [TestNG-tests-1] INFO  testCases.TC001_RegisterUser - Test case has finished....
14:51:24.957 [TestNG-tests-2] INFO  testCases.TC001_RegisterUser - validating forms are available....
14:51:24.991 [TestNG-tests-2] INFO  testCases.TC001_RegisterUser - Filling first data to regist user...
14:51:25.754 [TestNG-tests-2] INFO  testCases.TC001_RegisterUser - Page ready to register new User
14:51:25.754 [TestNG-tests-2] INFO  testCases.TC001_RegisterUser - Test case has finished....
19:28:43.886 [TestNG-tests-1] INFO  testCases.TC001_RegisterUser - Starting Test Case...
19:28:43.889 [TestNG-tests-1] INFO  testCases.TC001_RegisterUser - Validating logo webPage...
19:28:43.919 [TestNG-tests-1] INFO  testCases.TC001_RegisterUser - Validating title web page
19:28:43.939 [TestNG-tests-1] INFO  testCases.TC001_RegisterUser - Clicking on SignUp Option
19:28:47.369 [TestNG-tests-1] INFO  testCases.TC001_RegisterUser - validating forms are available....
19:28:47.409 [TestNG-tests-1] INFO  testCases.TC001_RegisterUser - Filling first data to regist user...
19:28:48.824 [TestNG-tests-1] INFO  testCases.TC001_RegisterUser - Page ready to register new User
19:28:48.824 [TestNG-tests-1] INFO  testCases.TC001_RegisterUser - Test case has finished....
19:29:52.883 [TestNG-tests-1] INFO  testCases.TC001_RegisterUser - Starting Test Case...
19:29:52.886 [TestNG-tests-1] INFO  testCases.TC001_RegisterUser - Validating logo webPage...
19:29:52.920 [TestNG-tests-1] INFO  testCases.TC001_RegisterUser - Validating title web page
19:29:52.940 [TestNG-tests-1] INFO  testCases.TC001_RegisterUser - Clicking on SignUp Option
19:29:55.753 [TestNG-tests-1] INFO  testCases.TC001_RegisterUser - validating forms are available....
19:29:55.786 [TestNG-tests-1] INFO  testCases.TC001_RegisterUser - Filling first data to regist user...
19:29:56.583 [TestNG-tests-1] INFO  testCases.TC001_RegisterUser - Page ready to register new User
19:29:56.583 [TestNG-tests-1] INFO  testCases.TC001_RegisterUser - Test case has finished....
19:33:53.174 [TestNG-tests-1] INFO  testCases.TC001_RegisterUser - Starting Test Case...
19:33:53.176 [TestNG-tests-1] INFO  testCases.TC001_RegisterUser - Validating logo webPage...
